<?xml version="1.0" encoding="UTF-8"?>
<testsuite name="AppTest" tests="1" skipped="0" failures="0" errors="0" timestamp="2018-10-29T16:03:13" hostname="f3b53d3456a0" time="0.002">
  <properties/>
  <testcase name="testAppHasAGreeting" classname="AppTest" time="0.002"/>
  <system-out><![CDATA[]]></system-out>
  <system-err><![CDATA[]]></system-err>
</testsuite>
